
Start-Date: 2020-06-11  19:37:20
End-Date: 2020-06-11  19:37:20

Start-Date: 2020-06-11  19:38:52
Commandline: apt-get remove --purge --assume-yes ^linux-.* linux-base+
Purge: linux-headers-4.15.0-106-generic:amd64 (4.15.0-106.107), linux-modules-4.15.0-106-generic:amd64 (4.15.0-106.107), linux-headers-generic:amd64 (4.15.0.106.94), linux-image-4.15.0-106-generic:amd64 (4.15.0-106.107), linux-virtual:amd64 (4.15.0.106.94), linux-headers-virtual:amd64 (4.15.0.106.94), linux-headers-4.15.0-106:amd64 (4.15.0-106.107), linux-image-virtual:amd64 (4.15.0.106.94)
End-Date: 2020-06-11  19:38:54

Start-Date: 2020-06-11  19:38:58
Commandline: apt-get install --assume-yes linux-aws
Install: linux-headers-5.3.0-1023-aws:amd64 (5.3.0-1023.25~18.04.1, automatic), linux-headers-aws:amd64 (5.3.0.1023.23, automatic), linux-aws-5.3-headers-5.3.0-1023:amd64 (5.3.0-1023.25~18.04.1, automatic), linux-aws:amd64 (5.3.0.1023.23), linux-image-5.3.0-1023-aws:amd64 (5.3.0-1023.25~18.04.1, automatic), linux-modules-5.3.0-1023-aws:amd64 (5.3.0-1023.25~18.04.1, automatic), linux-image-aws:amd64 (5.3.0.1023.23, automatic)
End-Date: 2020-06-11  19:39:11

Start-Date: 2020-06-11  19:39:13
Commandline: apt-get install --assume-yes hibagent
Install: hibagent:amd64 (1.0.1-0ubuntu1)
End-Date: 2020-06-11  19:39:13

Start-Date: 2020-06-11  19:39:15
Commandline: apt-get install --assume-yes ec2-hibinit-agent
Install: ec2-hibinit-agent:amd64 (1.0.0-0ubuntu4~18.04.4)
End-Date: 2020-06-11  19:39:16

Start-Date: 2020-07-04  02:16:10
Commandline: apt-get install php7.2-mbstring
Requested-By: ubuntu (1000)
Install: php7.2-common:amd64 (7.2.24-0ubuntu0.18.04.6, automatic), php-common:amd64 (1:60ubuntu1, automatic), php7.2-mbstring:amd64 (7.2.24-0ubuntu0.18.04.6)
End-Date: 2020-07-04  02:16:17

Start-Date: 2020-07-04  02:16:34
Commandline: apt-get install php7.2-intl
Requested-By: ubuntu (1000)
Install: php7.2-intl:amd64 (7.2.24-0ubuntu0.18.04.6)
End-Date: 2020-07-04  02:16:35

Start-Date: 2020-07-04  02:16:57
Commandline: apt-get install php7.2-xml
Requested-By: ubuntu (1000)
Install: php7.2-xml:amd64 (7.2.24-0ubuntu0.18.04.6)
End-Date: 2020-07-04  02:16:59

Start-Date: 2020-07-04  02:18:13
Commandline: apt-get install php7.2-mysql
Requested-By: ubuntu (1000)
Install: php7.2-mysql:amd64 (7.2.24-0ubuntu0.18.04.6)
End-Date: 2020-07-04  02:18:14

Start-Date: 2020-07-04  02:19:12
Commandline: apt-get install php7.2-sqlite3
Requested-By: ubuntu (1000)
Install: php7.2-sqlite3:amd64 (7.2.24-0ubuntu0.18.04.6)
End-Date: 2020-07-04  02:19:13

Start-Date: 2020-07-04  02:19:31
Commandline: apt-get install composer
Requested-By: ubuntu (1000)
Install: php-composer-semver:amd64 (1.4.2-1, automatic), php7.2-cli:amd64 (7.2.24-0ubuntu0.18.04.6, automatic), php-symfony-debug:amd64 (3.4.6+dfsg-1ubuntu0.1, automatic), php-symfony-console:amd64 (3.4.6+dfsg-1ubuntu0.1, automatic), php-composer-spdx-licenses:amd64 (1.3.0-1, automatic), php-cli-prompt:amd64 (1.0.3+dfsg-1, automatic), php7.2-json:amd64 (7.2.24-0ubuntu0.18.04.6, automatic), php7.2-opcache:amd64 (7.2.24-0ubuntu0.18.04.6, automatic), php-composer-ca-bundle:amd64 (1.1.0-1, automatic), php-symfony-filesystem:amd64 (3.4.6+dfsg-1ubuntu0.1, automatic), php-symfony-finder:amd64 (3.4.6+dfsg-1ubuntu0.1, automatic), jsonlint:amd64 (1.7.1-1, automatic), php7.2-readline:amd64 (7.2.24-0ubuntu0.18.04.6, automatic), php-cli:amd64 (1:7.2+60ubuntu1, automatic), php-psr-log:amd64 (1.0.2-1, automatic), libsodium23:amd64 (1.0.16-2, automatic), php-symfony-polyfill-mbstring:amd64 (1.6.0-2, automatic), php-json-schema:amd64 (5.2.6-1, automatic), composer:amd64 (1.6.3-1), php-symfony-process:amd64 (3.4.6+dfsg-1ubuntu0.1, automatic)
End-Date: 2020-07-04  02:20:03

Start-Date: 2020-07-04  02:20:32
Commandline: apt-get install apache2
Requested-By: ubuntu (1000)
Install: libaprutil1:amd64 (1.6.1-2, automatic), libaprutil1-dbd-sqlite3:amd64 (1.6.1-2, automatic), ssl-cert:amd64 (1.0.39, automatic), apache2-data:amd64 (2.4.29-1ubuntu4.13, automatic), libapr1:amd64 (1.6.3-2, automatic), libaprutil1-ldap:amd64 (1.6.1-2, automatic), liblua5.2-0:amd64 (5.2.4-1.1build1, automatic), apache2-bin:amd64 (2.4.29-1ubuntu4.13, automatic), apache2:amd64 (2.4.29-1ubuntu4.13), apache2-utils:amd64 (2.4.29-1ubuntu4.13, automatic)
End-Date: 2020-07-04  02:20:38

Start-Date: 2020-07-04  02:26:03
Commandline: apt-get install php7.2-curl
Requested-By: ubuntu (1000)
Install: php7.2-curl:amd64 (7.2.24-0ubuntu0.18.04.6)
End-Date: 2020-07-04  02:26:04

Start-Date: 2020-07-04  02:26:38
Commandline: apt-get install php7.2-bz2 php7.2-zip
Requested-By: ubuntu (1000)
Install: php7.2-bz2:amd64 (7.2.24-0ubuntu0.18.04.6), libzip4:amd64 (1.1.2-1.1, automatic), php7.2-zip:amd64 (7.2.24-0ubuntu0.18.04.6)
End-Date: 2020-07-04  02:26:39

Start-Date: 2020-07-04  02:34:37
Commandline: apt-get install php7.2-fpm
Requested-By: ubuntu (1000)
Install: php7.2-fpm:amd64 (7.2.24-0ubuntu0.18.04.6)
End-Date: 2020-07-04  02:34:39

Start-Date: 2020-07-04  02:38:53
Commandline: apt-get install certbot python3-certbot-apache
Requested-By: ubuntu (1000)
Install: libaugeas0:amd64 (1.10.1-2, automatic), python3-configargparse:amd64 (0.11.0-1, automatic), python3-josepy:amd64 (1.1.0-1, automatic), python2.7-minimal:amd64 (2.7.17-1~18.04ubuntu1, automatic), certbot:amd64 (0.27.0-1~ubuntu18.04.1), python3-zope.hookable:amd64 (4.0.4-4build4, automatic), augeas-lenses:amd64 (1.10.1-2, automatic), python3-pbr:amd64 (3.1.1-3ubuntu3, automatic), python2.7:amd64 (2.7.17-1~18.04ubuntu1, automatic), python3-augeas:amd64 (0.5.0-1, automatic), python3-zope.event:amd64 (4.2.0-1, automatic), python3-zope.component:amd64 (4.3.0-1, automatic), python:amd64 (2.7.15~rc1-1, automatic), python3-mock:amd64 (2.0.0-3, automatic), libpython-stdlib:amd64 (2.7.15~rc1-1, automatic), python3-future:amd64 (0.15.2-4ubuntu2, automatic), python3-acme:amd64 (0.31.0-2~ubuntu18.04.1, automatic), python-pyicu:amd64 (1.9.8-0ubuntu1, automatic), python3-lib2to3:amd64 (3.6.9-1~18.04, automatic), python3-rfc3339:amd64 (1.0-4, automatic), python3-requests-toolbelt:amd64 (0.8.0-1, automatic), python3-certbot-apache:amd64 (0.23.0-1), python3-certbot:amd64 (0.27.0-1~ubuntu18.04.1, automatic), python3-tz:amd64 (2018.3-2, automatic), libpython2.7-minimal:amd64 (2.7.17-1~18.04ubuntu1, automatic), libpython2.7-stdlib:amd64 (2.7.17-1~18.04ubuntu1, automatic), python3-parsedatetime:amd64 (2.4-2, automatic), python-minimal:amd64 (2.7.15~rc1-1, automatic)
End-Date: 2020-07-04  02:39:02

Start-Date: 2020-07-04  06:02:38
Commandline: /usr/bin/unattended-upgrade
Upgrade: libcurl3-gnutls:amd64 (7.58.0-2ubuntu3.8, 7.58.0-2ubuntu3.9)
End-Date: 2020-07-04  06:02:38

Start-Date: 2020-07-04  06:02:40
Commandline: /usr/bin/unattended-upgrade
Upgrade: libseccomp2:amd64 (2.4.1-0ubuntu0.18.04.2, 2.4.3-1ubuntu3.18.04.2)
End-Date: 2020-07-04  06:02:40

Start-Date: 2020-07-04  06:02:42
Commandline: /usr/bin/unattended-upgrade
Upgrade: libcurl4:amd64 (7.58.0-2ubuntu3.8, 7.58.0-2ubuntu3.9), curl:amd64 (7.58.0-2ubuntu3.8, 7.58.0-2ubuntu3.9)
End-Date: 2020-07-04  06:02:43

Start-Date: 2020-07-04  06:02:45
Commandline: /usr/bin/unattended-upgrade
Upgrade: libdbus-1-3:amd64 (1.12.2-1ubuntu1.1, 1.12.2-1ubuntu1.2), dbus:amd64 (1.12.2-1ubuntu1.1, 1.12.2-1ubuntu1.2)
End-Date: 2020-07-04  06:02:46

Start-Date: 2020-07-04  06:02:49
Commandline: /usr/bin/unattended-upgrade
Install: linux-image-5.3.0-1028-aws:amd64 (5.3.0-1028.30~18.04.1, automatic), linux-modules-5.3.0-1028-aws:amd64 (5.3.0-1028.30~18.04.1, automatic), linux-aws-5.3-headers-5.3.0-1028:amd64 (5.3.0-1028.30~18.04.1, automatic), linux-headers-5.3.0-1028-aws:amd64 (5.3.0-1028.30~18.04.1, automatic)
Upgrade: linux-headers-aws:amd64 (5.3.0.1023.23, 5.3.0.1028.26), linux-aws:amd64 (5.3.0.1023.23, 5.3.0.1028.26), linux-image-aws:amd64 (5.3.0.1023.23, 5.3.0.1028.26)
End-Date: 2020-07-04  06:03:05

Start-Date: 2020-07-07  06:15:15
Commandline: /usr/bin/unattended-upgrade
Upgrade: linux-base:amd64 (4.5ubuntu1.1, 4.5ubuntu1.2)
End-Date: 2020-07-07  06:15:15

Start-Date: 2020-07-08  06:04:24
Commandline: /usr/bin/unattended-upgrade
Upgrade: libc-bin:amd64 (2.27-3ubuntu1, 2.27-3ubuntu1.2)
End-Date: 2020-07-08  06:04:24

Start-Date: 2020-07-08  06:04:26
Commandline: /usr/bin/unattended-upgrade
Upgrade: libc6:amd64 (2.27-3ubuntu1, 2.27-3ubuntu1.2)
End-Date: 2020-07-08  06:04:27

Start-Date: 2020-07-08  06:04:29
Commandline: /usr/bin/unattended-upgrade
Upgrade: locales:amd64 (2.27-3ubuntu1, 2.27-3ubuntu1.2)
End-Date: 2020-07-08  06:04:32

Start-Date: 2020-07-08  06:04:34
Commandline: /usr/bin/unattended-upgrade
Upgrade: multiarch-support:amd64 (2.27-3ubuntu1, 2.27-3ubuntu1.2)
End-Date: 2020-07-08  06:04:34

Start-Date: 2020-07-08  06:04:36
Commandline: /usr/bin/unattended-upgrade
Upgrade: python3-httplib2:amd64 (0.9.2+dfsg-1ubuntu0.1, 0.9.2+dfsg-1ubuntu0.2)
End-Date: 2020-07-08  06:04:36

Start-Date: 2020-07-08  06:04:39
Commandline: /usr/bin/unattended-upgrade
Install: linux-image-5.3.0-1030-aws:amd64 (5.3.0-1030.32~18.04.1, automatic), linux-modules-5.3.0-1030-aws:amd64 (5.3.0-1030.32~18.04.1, automatic), linux-aws-5.3-headers-5.3.0-1030:amd64 (5.3.0-1030.32~18.04.1, automatic), linux-headers-5.3.0-1030-aws:amd64 (5.3.0-1030.32~18.04.1, automatic)
Upgrade: linux-headers-aws:amd64 (5.3.0.1028.26, 5.3.0.1030.28), linux-aws:amd64 (5.3.0.1028.26, 5.3.0.1030.28), linux-image-aws:amd64 (5.3.0.1028.26, 5.3.0.1030.28)
End-Date: 2020-07-08  06:04:54

Start-Date: 2020-07-16  06:13:14
Commandline: /usr/bin/unattended-upgrade
Upgrade: snapd:amd64 (2.42.1+18.04, 2.45.1+18.04.2)
End-Date: 2020-07-16  06:13:20

Start-Date: 2020-07-22  14:34:42
Commandline: /usr/bin/unattended-upgrade
Upgrade: python2.7-minimal:amd64 (2.7.17-1~18.04ubuntu1, 2.7.17-1~18.04ubuntu1.1), python2.7:amd64 (2.7.17-1~18.04ubuntu1, 2.7.17-1~18.04ubuntu1.1), libpython2.7-minimal:amd64 (2.7.17-1~18.04ubuntu1, 2.7.17-1~18.04ubuntu1.1), libpython2.7-stdlib:amd64 (2.7.17-1~18.04ubuntu1, 2.7.17-1~18.04ubuntu1.1)
End-Date: 2020-07-22  14:34:53

Start-Date: 2020-07-22  14:34:55
Commandline: /usr/bin/unattended-upgrade
Upgrade: libpython3.6-minimal:amd64 (3.6.9-1~18.04ubuntu1, 3.6.9-1~18.04ubuntu1.1), libpython3.6-stdlib:amd64 (3.6.9-1~18.04ubuntu1, 3.6.9-1~18.04ubuntu1.1), libpython3.6:amd64 (3.6.9-1~18.04ubuntu1, 3.6.9-1~18.04ubuntu1.1), python3.6:amd64 (3.6.9-1~18.04ubuntu1, 3.6.9-1~18.04ubuntu1.1), python3.6-minimal:amd64 (3.6.9-1~18.04ubuntu1, 3.6.9-1~18.04ubuntu1.1)
End-Date: 2020-07-22  14:35:00

Start-Date: 2020-07-25  06:20:40
Commandline: /usr/bin/unattended-upgrade
Upgrade: libseccomp2:amd64 (2.4.3-1ubuntu3.18.04.2, 2.4.3-1ubuntu3.18.04.3)
End-Date: 2020-07-25  06:20:44
