Cloud-init v. 19.4-33-gbb4131a2-0ubuntu1~18.04.1 running 'init-local' at Sat, 04 Jul 2020 01:46:26 +0000. Up 9.09 seconds.
Cloud-init v. 19.4-33-gbb4131a2-0ubuntu1~18.04.1 running 'init' at Sat, 04 Jul 2020 01:46:30 +0000. Up 12.33 seconds.
ci-info: +++++++++++++++++++++++++++++++++++++++Net device info+++++++++++++++++++++++++++++++++++++++
ci-info: +--------+------+------------------------------+---------------+--------+-------------------+
ci-info: | Device |  Up  |           Address            |      Mask     | Scope  |     Hw-Address    |
ci-info: +--------+------+------------------------------+---------------+--------+-------------------+
ci-info: |  eth0  | True |        172.31.64.166         | 255.255.240.0 | global | 16:57:6f:ba:85:87 |
ci-info: |  eth0  | True | fe80::1457:6fff:feba:8587/64 |       .       |  link  | 16:57:6f:ba:85:87 |
ci-info: |   lo   | True |          127.0.0.1           |   255.0.0.0   |  host  |         .         |
ci-info: |   lo   | True |           ::1/128            |       .       |  host  |         .         |
ci-info: +--------+------+------------------------------+---------------+--------+-------------------+
ci-info: ++++++++++++++++++++++++++++++Route IPv4 info++++++++++++++++++++++++++++++
ci-info: +-------+-------------+-------------+-----------------+-----------+-------+
ci-info: | Route | Destination |   Gateway   |     Genmask     | Interface | Flags |
ci-info: +-------+-------------+-------------+-----------------+-----------+-------+
ci-info: |   0   |   0.0.0.0   | 172.31.64.1 |     0.0.0.0     |    eth0   |   UG  |
ci-info: |   1   | 172.31.64.0 |   0.0.0.0   |  255.255.240.0  |    eth0   |   U   |
ci-info: |   2   | 172.31.64.1 |   0.0.0.0   | 255.255.255.255 |    eth0   |   UH  |
ci-info: +-------+-------------+-------------+-----------------+-----------+-------+
ci-info: +++++++++++++++++++Route IPv6 info+++++++++++++++++++
ci-info: +-------+-------------+---------+-----------+-------+
ci-info: | Route | Destination | Gateway | Interface | Flags |
ci-info: +-------+-------------+---------+-----------+-------+
ci-info: |   1   |  fe80::/64  |    ::   |    eth0   |   U   |
ci-info: |   3   |    local    |    ::   |    eth0   |   U   |
ci-info: |   4   |   ff00::/8  |    ::   |    eth0   |   U   |
ci-info: +-------+-------------+---------+-----------+-------+
Generating public/private rsa key pair.
Your identification has been saved in /etc/ssh/ssh_host_rsa_key.
Your public key has been saved in /etc/ssh/ssh_host_rsa_key.pub.
The key fingerprint is:
SHA256:R6V5j5x7OHv+6dBfCTnwbKT9oPWDBMiMArfCaX43j74 root@ip-172-31-64-166
The key's randomart image is:
+---[RSA 2048]----+
|   . .      .    |
|  . + . + .+     |
|   = o . ++o..   |
|  o . .  . oO+.  |
|   . . oS ..+%.  |
|    . . +.  =oO .|
|       . . .+o.*.|
|      .      +o =|
|       E.   .oo+o|
+----[SHA256]-----+
Generating public/private dsa key pair.
Your identification has been saved in /etc/ssh/ssh_host_dsa_key.
Your public key has been saved in /etc/ssh/ssh_host_dsa_key.pub.
The key fingerprint is:
SHA256:9ShWOCe4hWjlElGrsdcal7jzTokWMX870j3HRKWMDAw root@ip-172-31-64-166
The key's randomart image is:
+---[DSA 1024]----+
|    ooo Eo.     .|
|     = + ..o o o |
|    = B = + o +  |
|   . = O B o .   |
|    o * S o . .  |
|     . O = o o   |
|      * + + o o  |
|     . + . . o   |
|       .o        |
+----[SHA256]-----+
Generating public/private ecdsa key pair.
Your identification has been saved in /etc/ssh/ssh_host_ecdsa_key.
Your public key has been saved in /etc/ssh/ssh_host_ecdsa_key.pub.
The key fingerprint is:
SHA256:HPxRLS0B9D/as8izlxh1fDCw3fJO9GWGQEygjOKfDRQ root@ip-172-31-64-166
The key's randomart image is:
+---[ECDSA 256]---+
|      E  .+*B=   |
|       = . o++=o |
|    . o = . oo++*|
|   . o . o . ..**|
|    . . S .  .o.=|
|     . +    .o + |
|      o .   .oo..|
|           .o.oo |
|            ++.  |
+----[SHA256]-----+
Generating public/private ed25519 key pair.
Your identification has been saved in /etc/ssh/ssh_host_ed25519_key.
Your public key has been saved in /etc/ssh/ssh_host_ed25519_key.pub.
The key fingerprint is:
SHA256:2KB/6Fq4HKSvBxkltXqdCzc7KtR0Sxt1HxaSNb2ffzg root@ip-172-31-64-166
The key's randomart image is:
+--[ED25519 256]--+
|   ..     .o+o   |
|  . ..  . o.o..  |
|   o. .. . o . . |
|  ...o+=    . .  |
|  .==o*+S      ..|
|  ++.=o=       ..|
| ...o B .      ..|
|  .o.* o      E o|
|  .+*..        ..|
+----[SHA256]-----+
Cloud-init v. 19.4-33-gbb4131a2-0ubuntu1~18.04.1 running 'modules:config' at Sat, 04 Jul 2020 01:46:42 +0000. Up 24.89 seconds.
/var/lib/cloud/instance/scripts/runcmd: 2: /var/lib/cloud/instance/scripts/runcmd: yum: not found
Reading package lists...
Building dependency tree...
Reading state information...
E: Unable to locate package amazon-efs-utils
/var/lib/cloud/instance/scripts/runcmd: 4: /var/lib/cloud/instance/scripts/runcmd: yum: not found
Reading package lists...
Building dependency tree...
Reading state information...
The following additional packages will be installed:
  keyutils libnfsidmap2 libtirpc1 rpcbind
Suggested packages:
  watchdog
The following NEW packages will be installed:
  keyutils libnfsidmap2 libtirpc1 nfs-common rpcbind
0 upgraded, 5 newly installed, 0 to remove and 0 not upgraded.
Need to get 397 kB of archives.
After this operation, 1358 kB of additional disk space will be used.
Get:1 http://us-east-1.ec2.archive.ubuntu.com/ubuntu bionic/main amd64 keyutils amd64 1.5.9-9.2ubuntu2 [47.9 kB]
Get:2 http://us-east-1.ec2.archive.ubuntu.com/ubuntu bionic/main amd64 libnfsidmap2 amd64 0.25-5.1 [27.2 kB]
Get:3 http://us-east-1.ec2.archive.ubuntu.com/ubuntu bionic-updates/main amd64 libtirpc1 amd64 0.2.5-1.2ubuntu0.1 [75.7 kB]
Get:4 http://us-east-1.ec2.archive.ubuntu.com/ubuntu bionic/main amd64 rpcbind amd64 0.2.3-0.6 [40.6 kB]
Err:5 http://us-east-1.ec2.archive.ubuntu.com/ubuntu bionic-updates/main amd64 nfs-common amd64 1:1.3.4-2.1ubuntu5.2
  404  Not Found [IP: 34.237.137.22 80]
Fetched 191 kB in 0s (4128 kB/s)
E: Failed to fetch http://us-east-1.ec2.archive.ubuntu.com/ubuntu/pool/main/n/nfs-utils/nfs-common_1.3.4-2.1ubuntu5.2_amd64.deb  404  Not Found [IP: 34.237.137.22 80]
E: Unable to fetch some archives, maybe run apt-get update or try with --fix-missing?
mount: /mnt/efs/fs1: bad option; for several filesystems (e.g. nfs, cifs) you might need a /sbin/mount.<type> helper program.
Cloud-init v. 19.4-33-gbb4131a2-0ubuntu1~18.04.1 running 'modules:final' at Sat, 04 Jul 2020 01:46:43 +0000. Up 26.07 seconds.
2020-07-04 01:46:45,368 - util.py[WARNING]: Failed running /var/lib/cloud/instance/scripts/runcmd [32]
2020-07-04 01:46:45,380 - cc_scripts_user.py[WARNING]: Failed to run module scripts-user (scripts in /var/lib/cloud/instance/scripts)
2020-07-04 01:46:45,380 - util.py[WARNING]: Running module scripts-user (<module 'cloudinit.config.cc_scripts_user' from '/usr/lib/python3/dist-packages/cloudinit/config/cc_scripts_user.py'>) failed
Cloud-init v. 19.4-33-gbb4131a2-0ubuntu1~18.04.1 finished at Sat, 04 Jul 2020 01:46:45 +0000. Datasource DataSourceEc2Local.  Up 27.70 seconds
Cloud-init v. 19.4-33-gbb4131a2-0ubuntu1~18.04.1 running 'init-local' at Wed, 22 Jul 2020 14:33:28 +0000. Up 23.63 seconds.
Cloud-init v. 19.4-33-gbb4131a2-0ubuntu1~18.04.1 running 'init' at Wed, 22 Jul 2020 14:33:31 +0000. Up 27.29 seconds.
ci-info: +++++++++++++++++++++++++++++++++++++++Net device info+++++++++++++++++++++++++++++++++++++++
ci-info: +--------+------+------------------------------+---------------+--------+-------------------+
ci-info: | Device |  Up  |           Address            |      Mask     | Scope  |     Hw-Address    |
ci-info: +--------+------+------------------------------+---------------+--------+-------------------+
ci-info: |  eth0  | True |         172.31.74.66         | 255.255.240.0 | global | 16:a8:d6:92:1a:b9 |
ci-info: |  eth0  | True | fe80::14a8:d6ff:fe92:1ab9/64 |       .       |  link  | 16:a8:d6:92:1a:b9 |
ci-info: |   lo   | True |          127.0.0.1           |   255.0.0.0   |  host  |         .         |
ci-info: |   lo   | True |           ::1/128            |       .       |  host  |         .         |
ci-info: +--------+------+------------------------------+---------------+--------+-------------------+
ci-info: ++++++++++++++++++++++++++++++Route IPv4 info++++++++++++++++++++++++++++++
ci-info: +-------+-------------+-------------+-----------------+-----------+-------+
ci-info: | Route | Destination |   Gateway   |     Genmask     | Interface | Flags |
ci-info: +-------+-------------+-------------+-----------------+-----------+-------+
ci-info: |   0   |   0.0.0.0   | 172.31.64.1 |     0.0.0.0     |    eth0   |   UG  |
ci-info: |   1   | 172.31.64.0 |   0.0.0.0   |  255.255.240.0  |    eth0   |   U   |
ci-info: |   2   | 172.31.64.1 |   0.0.0.0   | 255.255.255.255 |    eth0   |   UH  |
ci-info: +-------+-------------+-------------+-----------------+-----------+-------+
ci-info: +++++++++++++++++++Route IPv6 info+++++++++++++++++++
ci-info: +-------+-------------+---------+-----------+-------+
ci-info: | Route | Destination | Gateway | Interface | Flags |
ci-info: +-------+-------------+---------+-----------+-------+
ci-info: |   1   |  fe80::/64  |    ::   |    eth0   |   U   |
ci-info: |   3   |    local    |    ::   |    eth0   |   U   |
ci-info: |   4   |   ff00::/8  |    ::   |    eth0   |   U   |
ci-info: +-------+-------------+---------+-----------+-------+
Generating public/private rsa key pair.
Your identification has been saved in /etc/ssh/ssh_host_rsa_key.
Your public key has been saved in /etc/ssh/ssh_host_rsa_key.pub.
The key fingerprint is:
SHA256:7JtqSZAUP024t02IsKYFbQw+iLjaPfDHZ3GZItu2YUc root@ip-172-31-74-66
The key's randomart image is:
+---[RSA 2048]----+
|  .+.. ..        |
|oo. *..o         |
|+ o+ +oo..       |
| . .* ooo .o     |
|. .+ ...S+E      |
|...+ ..=.=.      |
|. . +.+.O .      |
|     oo= *       |
|     ...+        |
+----[SHA256]-----+
Generating public/private dsa key pair.
Your identification has been saved in /etc/ssh/ssh_host_dsa_key.
Your public key has been saved in /etc/ssh/ssh_host_dsa_key.pub.
The key fingerprint is:
SHA256:J9Ika0R4m1j9z3I3iCcDn/SUTZRXhDPr6BstrE5fiOo root@ip-172-31-74-66
The key's randomart image is:
+---[DSA 1024]----+
|     ...     ..++|
|    ..o .     * .|
|     +oo..   + = |
|    ..o=. o o o  |
|      + S+.B +   |
|     . . oBoOo+  |
|          oB=.o. |
|         o o.+   |
|       .E.o o.   |
+----[SHA256]-----+
Generating public/private ecdsa key pair.
Your identification has been saved in /etc/ssh/ssh_host_ecdsa_key.
Your public key has been saved in /etc/ssh/ssh_host_ecdsa_key.pub.
The key fingerprint is:
SHA256:GnxrQp6nNLtA2gWO+0Pz+6+1MbHtAteNIz7Ebq8we54 root@ip-172-31-74-66
The key's randomart image is:
+---[ECDSA 256]---+
|                 |
|                 |
|    .            |
|   o o           |
|  . o = S... o   |
|   =o+ =..=++ .  |
|  o.ooB **=...   |
|   ..o.B =B*     |
|    ..=++*E=o    |
+----[SHA256]-----+
Generating public/private ed25519 key pair.
Your identification has been saved in /etc/ssh/ssh_host_ed25519_key.
Your public key has been saved in /etc/ssh/ssh_host_ed25519_key.pub.
The key fingerprint is:
SHA256:hubWDBdMjtEgJTBBl4fEPkz/MvFpCsLkANeXCEiPcF4 root@ip-172-31-74-66
The key's randomart image is:
+--[ED25519 256]--+
|o+BBE=++.        |
|+o++Bo+*.        |
|.o.= +. +        |
|. . + o. .       |
| =   .++S.       |
|  + .oo*=        |
|   . .o=o        |
|     ..          |
|                 |
+----[SHA256]-----+
Cloud-init v. 19.4-33-gbb4131a2-0ubuntu1~18.04.1 running 'modules:config' at Wed, 22 Jul 2020 14:33:39 +0000. Up 34.68 seconds.
Cloud-init v. 19.4-33-gbb4131a2-0ubuntu1~18.04.1 running 'modules:final' at Wed, 22 Jul 2020 14:33:41 +0000. Up 37.12 seconds.
Cloud-init v. 19.4-33-gbb4131a2-0ubuntu1~18.04.1 finished at Wed, 22 Jul 2020 14:33:41 +0000. Datasource DataSourceEc2Local.  Up 37.33 seconds
Cloud-init v. 19.4-33-gbb4131a2-0ubuntu1~18.04.1 running 'init-local' at Fri, 24 Jul 2020 00:31:13 +0000. Up 27.51 seconds.
Cloud-init v. 19.4-33-gbb4131a2-0ubuntu1~18.04.1 running 'init' at Fri, 24 Jul 2020 00:31:16 +0000. Up 31.38 seconds.
ci-info: ++++++++++++++++++++++++++++++++++++++Net device info++++++++++++++++++++++++++++++++++++++
ci-info: +--------+------+----------------------------+---------------+--------+-------------------+
ci-info: | Device |  Up  |          Address           |      Mask     | Scope  |     Hw-Address    |
ci-info: +--------+------+----------------------------+---------------+--------+-------------------+
ci-info: |  eth0  | True |        172.31.60.73        | 255.255.240.0 | global | 06:a0:6a:62:06:83 |
ci-info: |  eth0  | True | fe80::4a0:6aff:fe62:683/64 |       .       |  link  | 06:a0:6a:62:06:83 |
ci-info: |   lo   | True |         127.0.0.1          |   255.0.0.0   |  host  |         .         |
ci-info: |   lo   | True |          ::1/128           |       .       |  host  |         .         |
ci-info: +--------+------+----------------------------+---------------+--------+-------------------+
ci-info: ++++++++++++++++++++++++++++++Route IPv4 info++++++++++++++++++++++++++++++
ci-info: +-------+-------------+-------------+-----------------+-----------+-------+
ci-info: | Route | Destination |   Gateway   |     Genmask     | Interface | Flags |
ci-info: +-------+-------------+-------------+-----------------+-----------+-------+
ci-info: |   0   |   0.0.0.0   | 172.31.48.1 |     0.0.0.0     |    eth0   |   UG  |
ci-info: |   1   | 172.31.48.0 |   0.0.0.0   |  255.255.240.0  |    eth0   |   U   |
ci-info: |   2   | 172.31.48.1 |   0.0.0.0   | 255.255.255.255 |    eth0   |   UH  |
ci-info: +-------+-------------+-------------+-----------------+-----------+-------+
ci-info: +++++++++++++++++++Route IPv6 info+++++++++++++++++++
ci-info: +-------+-------------+---------+-----------+-------+
ci-info: | Route | Destination | Gateway | Interface | Flags |
ci-info: +-------+-------------+---------+-----------+-------+
ci-info: |   1   |  fe80::/64  |    ::   |    eth0   |   U   |
ci-info: |   3   |    local    |    ::   |    eth0   |   U   |
ci-info: |   4   |   ff00::/8  |    ::   |    eth0   |   U   |
ci-info: +-------+-------------+---------+-----------+-------+
Generating public/private rsa key pair.
Your identification has been saved in /etc/ssh/ssh_host_rsa_key.
Your public key has been saved in /etc/ssh/ssh_host_rsa_key.pub.
The key fingerprint is:
SHA256:hS2mCbPeGz3nyTkR8KZk3hr7EXAwJPvRMNcGj4VnJl0 root@ip-172-31-60-73
The key's randomart image is:
+---[RSA 2048]----+
|      ..* o=..E  |
|       o.Xo+B    |
|    o . *o**.    |
|     + =o*+      |
|    . o+S+..     |
|   . . .+ o.     |
|    . o o+o.     |
|       oo=.+     |
|      .  .*.     |
+----[SHA256]-----+
Generating public/private dsa key pair.
Your identification has been saved in /etc/ssh/ssh_host_dsa_key.
Your public key has been saved in /etc/ssh/ssh_host_dsa_key.pub.
The key fingerprint is:
SHA256:YfP/dNhgnfksVV4kFtATasV8G6CowcR7O2qhvdiI47M root@ip-172-31-60-73
The key's randomart image is:
+---[DSA 1024]----+
|      ..    .*Bo.|
|      o.  . .+=+.|
|       o=. .o  o=|
|       oo= .   +=|
|       .S o   oo+|
|       . o . . *.|
|      o o . . + =|
|   o..++     o o |
|  .E+o.o.     .  |
+----[SHA256]-----+
Generating public/private ecdsa key pair.
Your identification has been saved in /etc/ssh/ssh_host_ecdsa_key.
Your public key has been saved in /etc/ssh/ssh_host_ecdsa_key.pub.
The key fingerprint is:
SHA256:jlJt5NfdFSD5jjPeSxruVtYDlc6gDu0sJcOZlf65GV8 root@ip-172-31-60-73
The key's randomart image is:
+---[ECDSA 256]---+
|           .o....|
|           +.. o.|
|        o * o = .|
|       + B * + +.|
|      . S X = = .|
|     . + o B B oE|
|    . . . o.*.= o|
|     .    .o++ . |
|          o+ ..  |
+----[SHA256]-----+
Generating public/private ed25519 key pair.
Your identification has been saved in /etc/ssh/ssh_host_ed25519_key.
Your public key has been saved in /etc/ssh/ssh_host_ed25519_key.pub.
The key fingerprint is:
SHA256:S1WfbQ/peiHKPD6CnWtShCSNBQPpvjxyp0piwMM2qXM root@ip-172-31-60-73
The key's randomart image is:
+--[ED25519 256]--+
|  .oo=.     .    |
|  . o.o    . . + |
| .   o .  .   = o|
|o o   . ..   . o.|
|.O     .S   . o .|
|+ +    ..+ . o . |
|++E.   +..= . .  |
|=o= . o =... .   |
|.+.+   o.o..     |
+----[SHA256]-----+
Cloud-init v. 19.4-33-gbb4131a2-0ubuntu1~18.04.1 running 'modules:config' at Fri, 24 Jul 2020 00:31:25 +0000. Up 39.99 seconds.
Cloud-init v. 19.4-33-gbb4131a2-0ubuntu1~18.04.1 running 'modules:final' at Fri, 24 Jul 2020 00:31:28 +0000. Up 42.67 seconds.
Cloud-init v. 19.4-33-gbb4131a2-0ubuntu1~18.04.1 finished at Fri, 24 Jul 2020 00:31:28 +0000. Datasource DataSourceEc2Local.  Up 42.95 seconds
Cloud-init v. 19.4-33-gbb4131a2-0ubuntu1~18.04.1 running 'init-local' at Wed, 29 Jul 2020 02:46:45 +0000. Up 8.92 seconds.
Cloud-init v. 19.4-33-gbb4131a2-0ubuntu1~18.04.1 running 'init' at Wed, 29 Jul 2020 02:46:47 +0000. Up 11.15 seconds.
ci-info: ++++++++++++++++++++++++++++++++++++++Net device info++++++++++++++++++++++++++++++++++++++
ci-info: +--------+------+----------------------------+---------------+--------+-------------------+
ci-info: | Device |  Up  |          Address           |      Mask     | Scope  |     Hw-Address    |
ci-info: +--------+------+----------------------------+---------------+--------+-------------------+
ci-info: |  eth0  | True |        172.31.60.73        | 255.255.240.0 | global | 06:a0:6a:62:06:83 |
ci-info: |  eth0  | True | fe80::4a0:6aff:fe62:683/64 |       .       |  link  | 06:a0:6a:62:06:83 |
ci-info: |   lo   | True |         127.0.0.1          |   255.0.0.0   |  host  |         .         |
ci-info: |   lo   | True |          ::1/128           |       .       |  host  |         .         |
ci-info: +--------+------+----------------------------+---------------+--------+-------------------+
ci-info: ++++++++++++++++++++++++++++++Route IPv4 info++++++++++++++++++++++++++++++
ci-info: +-------+-------------+-------------+-----------------+-----------+-------+
ci-info: | Route | Destination |   Gateway   |     Genmask     | Interface | Flags |
ci-info: +-------+-------------+-------------+-----------------+-----------+-------+
ci-info: |   0   |   0.0.0.0   | 172.31.48.1 |     0.0.0.0     |    eth0   |   UG  |
ci-info: |   1   | 172.31.48.0 |   0.0.0.0   |  255.255.240.0  |    eth0   |   U   |
ci-info: |   2   | 172.31.48.1 |   0.0.0.0   | 255.255.255.255 |    eth0   |   UH  |
ci-info: +-------+-------------+-------------+-----------------+-----------+-------+
ci-info: +++++++++++++++++++Route IPv6 info+++++++++++++++++++
ci-info: +-------+-------------+---------+-----------+-------+
ci-info: | Route | Destination | Gateway | Interface | Flags |
ci-info: +-------+-------------+---------+-----------+-------+
ci-info: |   1   |  fe80::/64  |    ::   |    eth0   |   U   |
ci-info: |   3   |    local    |    ::   |    eth0   |   U   |
ci-info: |   4   |   ff00::/8  |    ::   |    eth0   |   U   |
ci-info: +-------+-------------+---------+-----------+-------+
Cloud-init v. 19.4-33-gbb4131a2-0ubuntu1~18.04.1 running 'modules:config' at Wed, 29 Jul 2020 02:46:52 +0000. Up 15.50 seconds.
Cloud-init v. 19.4-33-gbb4131a2-0ubuntu1~18.04.1 running 'modules:final' at Wed, 29 Jul 2020 02:46:53 +0000. Up 16.55 seconds.
Cloud-init v. 19.4-33-gbb4131a2-0ubuntu1~18.04.1 finished at Wed, 29 Jul 2020 02:46:53 +0000. Datasource DataSourceEc2Local.  Up 16.65 seconds
